mode: set
github.com/mercadolibre/golang-tutorial/go-talks/2016-10-BsAs/resources/src/17_testing/main.go:19.13,29.16 7 0
github.com/mercadolibre/golang-tutorial/go-talks/2016-10-BsAs/resources/src/17_testing/main.go:33.2,36.16 3 0
github.com/mercadolibre/golang-tutorial/go-talks/2016-10-BsAs/resources/src/17_testing/main.go:40.2,43.16 3 0
github.com/mercadolibre/golang-tutorial/go-talks/2016-10-BsAs/resources/src/17_testing/main.go:47.2,50.16 3 0
github.com/mercadolibre/golang-tutorial/go-talks/2016-10-BsAs/resources/src/17_testing/main.go:54.2,56.22 2 0
github.com/mercadolibre/golang-tutorial/go-talks/2016-10-BsAs/resources/src/17_testing/main.go:29.16,31.3 1 0
github.com/mercadolibre/golang-tutorial/go-talks/2016-10-BsAs/resources/src/17_testing/main.go:36.16,38.3 1 0
github.com/mercadolibre/golang-tutorial/go-talks/2016-10-BsAs/resources/src/17_testing/main.go:43.16,45.3 1 0
github.com/mercadolibre/golang-tutorial/go-talks/2016-10-BsAs/resources/src/17_testing/main.go:50.16,52.3 1 0
github.com/mercadolibre/golang-tutorial/go-talks/2016-10-BsAs/resources/src/17_testing/main.go:59.37,60.22 1 1
github.com/mercadolibre/golang-tutorial/go-talks/2016-10-BsAs/resources/src/17_testing/main.go:64.2,64.19 1 1
github.com/mercadolibre/golang-tutorial/go-talks/2016-10-BsAs/resources/src/17_testing/main.go:60.22,62.3 1 0
github.com/mercadolibre/golang-tutorial/go-talks/2016-10-BsAs/resources/src/17_testing/main.go:67.42,68.22 1 1
github.com/mercadolibre/golang-tutorial/go-talks/2016-10-BsAs/resources/src/17_testing/main.go:72.2,72.19 1 1
github.com/mercadolibre/golang-tutorial/go-talks/2016-10-BsAs/resources/src/17_testing/main.go:68.22,70.3 1 0
github.com/mercadolibre/golang-tutorial/go-talks/2016-10-BsAs/resources/src/17_testing/main.go:75.42,76.22 1 1
github.com/mercadolibre/golang-tutorial/go-talks/2016-10-BsAs/resources/src/17_testing/main.go:80.2,80.19 1 1
github.com/mercadolibre/golang-tutorial/go-talks/2016-10-BsAs/resources/src/17_testing/main.go:76.22,78.3 1 1
github.com/mercadolibre/golang-tutorial/go-talks/2016-10-BsAs/resources/src/17_testing/main.go:83.40,84.22 1 1
github.com/mercadolibre/golang-tutorial/go-talks/2016-10-BsAs/resources/src/17_testing/main.go:88.2,88.12 1 1
github.com/mercadolibre/golang-tutorial/go-talks/2016-10-BsAs/resources/src/17_testing/main.go:92.2,92.19 1 1
github.com/mercadolibre/golang-tutorial/go-talks/2016-10-BsAs/resources/src/17_testing/main.go:84.22,86.3 1 0
github.com/mercadolibre/golang-tutorial/go-talks/2016-10-BsAs/resources/src/17_testing/main.go:88.12,90.3 1 1
github.com/mercadolibre/golang-tutorial/go-talks/2016-10-BsAs/resources/src/17_testing/main.go:95.24,99.16 3 1
github.com/mercadolibre/golang-tutorial/go-talks/2016-10-BsAs/resources/src/17_testing/main.go:99.16,101.3 1 0
github.com/mercadolibre/golang-tutorial/go-talks/2016-10-BsAs/resources/src/17_testing/main.go:104.58,109.18 3 1
github.com/mercadolibre/golang-tutorial/go-talks/2016-10-BsAs/resources/src/17_testing/main.go:110.2,111.36 1 1
github.com/mercadolibre/golang-tutorial/go-talks/2016-10-BsAs/resources/src/17_testing/main.go:113.2,115.21 2 1
